[    0.000000] Iitialzing group subsys cpuset
[    0.000000] Initializing cgroup subsys cpu
[    0.000000] Initializing cgroup subsys cpuacct
[    0.000000] Linux version 4.4.0-104-generic (buildd@lgw01-amd64-027) (gcc version 5.4.0 20160609 (Ubuntu 5.4.0-6ubuntu1~16.04.5) ) #127-Ubuntu SMP Mon Dec 11 12:16:50 UTC 2017 (Ubuntu 4.4.0-104.127-generic 4.4.98)
[    0.000000] KERNEL supported cpus:
[    0.000000]   Intel GenuineIntel
[    0.000000]   AMD AuthenticAMD
[    0.000000]   NSC Geode by NSC
[    0.000000]   Cyrix CyrixInstead
[    0.000000]   Centaur CentaurHauls
[    0.000000]   Transmeta GenuineTMx86
[    0.000000]   Transmeta TransmetaCPU
[    0.000000]   UMC UMC UMC UMC
[    0.000000] x86/fpu: Legacy x87 FPU detected.
[    0.000000] x86/fpu: Using 'lazy' FPU context switches.
[    0.000000] e820: BIOS-provided physical RAM map:
[    0.000000] BIOS-e820: [mem 0x0000000000000000-0x000000000009fbff] usable
[    0.000000] BIOS-e820: [mem 0x000000000009fc00-0x000000000009ffff] reserved
[    0.000000] BIOS-e820: [mem 0x00000000000f0000-0x00000000000fffff] reserved
[    0.000000] BIOS-e820: [mem 0x0000000000100000-0x000000003ffeffff] usable
[    0.000000] BIOS-e820: [mem 0x000000003fff0000-0x000000003fffffff ACPI data
[   0.00000] BIOS-e820: [mem 0x000000fffc000-0x000000fffffff] reservd
[   0.00000] NX (Exeute isable) protection: active
[   0.000000] SMBIOS2.5 present.
[    0.000000] Hypervisor dtected: KVM
[    0.000000] e820:last_pfn = 0x3fff0 max_arch_pfn = 0x1000000
[    0.000000] MTRR: Disabled
[    0.000000] x86/PAT: MTRRs disabled, skipping PAT initialization too.
[[    0.000000] CPU MTRRs all blank - virtualized system.
[    0.000000] x86/PAT: Configuration [0-7]: WB  WT  UC- UC  WB  WT  UC- UC  
[    0.000000] found SMP MP-table at [mem 0x0009fff0-0x0009ffff] mapped at [c009fff0]
[    0.000000] Scanning 1 areas for low memory corruption
[    0.000000] RAMDISK: [mem 0x36af2000-0x37570fff]
[    0.000000] ACPI: Early table checksum verification disabled
[    0.000000] ACPI: RSDP 0x00000000000E0000 000024 (v02 VBOX  )
[    0.000000] ACPI: XSDT 0x000000003FFF0030 00003C (v01 VBOX   VBOXXSDT 00000001 ASL  00000061)
[    0.000000] ACPI: FACP 0x000000003FFF00F0 0000F4 (v04 VBOX   VBOXFACP 00000001 ASL  00000061)
[    0.000000] ACPI: DSDT 0x000000003FFF0470 001CEB (v01 VBOX   VBOXBIOS 00000002 INTL 20100528)
[    0.000000] ACPI: FACS 0x000000003FFF0200 000040
[    0.000000] ACPI: FACS 0x000000003FFF0200 000040
[    0.000000] ACPI: APIC 0x000000003FFF0240 00005C (v02 VBOX   VBOXAPIC 00000001 ASL  00000061)
[    0.000000] ACPI: SSDT 0x000000003FFF02A0 0001CC (v01 VBOX   VBOXCPUT 00000002 INTL 20100528)
[    0.000000] 131MB HIGHMEM available.
[    0.000000] 891MB LOWMEM available.
[    0.000000]   mapped low ram: 0 - 37bfe000
[    0.000000]   low ram: 0 - 37bfe000
[    0.000000] kvm-clock: Using msrs 4b564d01 and 4b564d00
[    0.000000] kvm-clock: cpu 0, msr 0:37bfd001, prmary pu clock
[    0.00000] kvm-clock uing sched offset of 4536217471 cycles
[    0.000000] clocksource: kvm-clock: mask: 0xffffffffffffffff max_cycles: 0x1cd42e4dffb, max_idle_ns: 881590591483 ns
[    0.000000] Zone ranges:
[    0.000000]   DMA      [mem 0x0000000000001000-0x0000000000ffffff]
[    0.00000]   Normal   [mem 0x0000000001000000-0x0000000037bfdfff]
[    0.000000]   HighMem  [mem 0x0000000037bfe000-0x000000003ffffff]
[    0.00000]Movable zon start for each node
[   0.00000] Earl memor noderange
[    0.000000]   nde   0 [mem 000000000000100-0x0000000009ff]
[    0.000000]   node   : [mem 0x000000000100000-0x000000003ffeffff]
[    0.000000] Initmem setup node 0 [mem 0x0000000000001000-0x000000003ffeffff]
[   0.000000] Uing APIC driver default
[     0.000000] ACPI: P-Timer I Port: x4008
[    0.000000] IOAPIC[0]: apic_id 2, vesion 17 addess 0fec0000, GSI 023
[   0.00000 ACPI INT_RC_OVR (bs  busirq 0 gobalirq 2df dfl)
[    0.00000 ACPI: INT_SRC_OVR (bus 0 bus_irq 9 global_irq 9 high level)
[    0.000000] Using ACPI (MADT) for SMP configuration information
[    0.000000] smpboot: Allowing 2 CPUs, 0 hotplug CPUs
[    0.0000000] PM: Registered nosave memory: [mem 0x00000000-0x00000fff]
[    0.000000] PM: Registered nosave memory: [mem 0x0009f000-0x0009ffff]
[    0.000000] PM: Registered nosave memory: [mem 0x000a0000-0x000effff]
[    0.000000] PM: Registered nosave memory: [mem 0x000f0000-0x000fffff]
[    0.000000] e820: [mem 0x40000000-0xfffbffff] available for PCI devices
[    0.000000] Booting paravirtualized kernel on KVM
[    0.000000] clocksource: refined-jiffies: mask: 0xffffffff max_cycles: 0xffffffff, max_idle_ns: 7645519600211568 ns
[    0.000000] setup_percpu: NR_CPUS:8 nr_cpumask_bits:8 nr_cpu_ids:2 nr_node_ids:1
[    0.000000] PERCPU: Embedded 19 pages/cpu @f76b0000 s47308 r0 d30516 u77824
[    0.000000] PV qspinlock hash table entries: 512 (order: 0, 4096 bytes)
[    0.000000] Built 1 zonelists in Zone order, mobility grouping on.  Total pages: 259800
[    0.000000] Kernel command line: BOOT_IMAGE=/boot/vmlinuz-4.4.0-104-generic root=LABEL=cloudimg-rootfs ro console=tty1 console=ttyS0
[    0.000000] PID hash table entries: 4096 (order: 2, 16384 bytes)
[    0.000000] Dentry cache hash table entries: 131072 (order: 7, 524288 bytes)
[    0.000000] Inode-cache hash table entries: 65536 (order: 6, 262144 bytes)
[    0.000000] Initializing CPU#0
[    0.00000] Initalizing HighMem for node 0 (00037bfe:0003fff0)
[    0.000000] Initializing Movable for node 0 (000000000:00000000)
[    0.000000] Memory: 1012180K/1048120K available (7970K kernel code, 767K rwdata, 3168K rodata, 940K init, 800K bss, 35940K reserved, 0K cma-reserved, 135112K highmem)
[    0.000000] virtual kernel memory layout:
[    0.000000]     fixmap  : 0xfff15000 - 0xfffff000   ( 936 kB)
[    0.000000]     pkmap   : 0xffc00000 - 0xffe00000   (2048 kB)
[    0.000000]     vmalloc : 0xf83fe000 - 0xffbfe000   ( 120 MB)
[    0.000000]     lowmem  : 0xc0000000 - 0xf7bfe000   ( 891 MB)
[    0.000000]       .nit : 0xc1ba3000 - 0xc1c8e000   ( 940 kB)
[    0.000000]       .data : 0xc17c8bed - 0xc1ba1fc0   (3940 kB)
[   0.00000]      .text : 0xc100000 - 0xc1c8bd   (7970kB)
[    0.000000] Checking if this processor honours the WP bit even in supervisormode..Ok.
[   000000] SLUB HWaign=6, Order0-3, MinObjects=0, CPUs=2, Ndes=1
[   0.000000] Hierarchical RCU implementation.
[    0.000000] 	Build-time adjustment of leaf faout to 3.
[    0.000000] 	RCU restricting CPUs from NR_CPUS=8 to nr_cpuids=2.
[   0.00000] RCU: Adjustinggeometry or rcu_fanout_leaf=32,nr_cu_ids=2
[   0.00000] NR_RQS:204 nrirqs:440 16
[    .000000] Console: colour VGA+ 80x25
[    0.0000000] consle [tty1 enabled
[    0.000000] console [ttyS0] enabled
[   0.00000] llocatd 108576 bytes of page_xt
[    0.000000] tsc: Detected 2401.204 MHz processor
[    7.965128] Calibrating delay loop (skipped) preset value.. 4802.40 BogoMIPS (lpj=9604816)
[    8.061606] pid_max: default: 32768 minimum: 301
[    8.123970] ACPI: Core revision 20150930
[    8.152046] ACPI: 2 ACPI AML tables successfully acquired and loaded
[    8.163863] Security Framework initialized
[    8.167090] Yama: becoming mindful.
[    8.170701] AppArmor: AppArmor initialized
[    8.174231] Mount-cache hash table entries: 2048 (order: 1, 8192 bytes)
[    8.178937] Mountpoint-cache hash table entries: 2048 (order: 1, 8192 bytes)
[    8.186722] Initializing cgroup subsys io
[    8.189925] Initializing cgroup subsys memory
[    8.193381] Initializing cgroup subsys devices
[    8.196753] Initializing cgroup subsys freezer
[    8.200499] Initializing cgroup subsys net_cls
[    8.204182] Initializing cgroup subsys perf_event
[    8.207770] Initializing cgroup subsys net_prio
[    8.211384] Initializing cgroup subsys hugetlb
[    8.214889] Initializing cgroup subsys pids
[    8.218307] CPU: Physical Processor ID: 0
[    8.239513] CPU: Processor Core ID: 0
[    8.247415] mce: CPU supports 0 MCE banks
[    8.250807] Last level iTLB entries: 4KB 128, 2MB 4, 4MB 4
[    8.260154] Last level dTLB entries: 4KB 256, 2MB 0, 4MB 32, 1GB 0
[    8.296398] Freeing SMP alternatives memory: 28K
[    8.321010] ftrace: allocating 31441 entries in 62 pages
[    8.472404] smpboot: APIC(0) Converting physical 0 to logical package 0
[    8.565247] smpboot: Max logical packages: 1
[    8.590769] Enabling APIC mode:  Flat.  Using 1 I/O APICs
[    8.653582] ..TIMER: vector=0x30 apic1=0 pin1=2 apic2=-1 pin2=-1
[    8.774390] APIC calibration not consistent with PM-Timer: 97ms instead of 100ms
[    8.860715] APIC delta adjusted to PM-Timer: 6403350 (6252513)
[    8.941861] smpboot: CPU0: Intel(R) Core(TM)2 Duo CPU     P8600  @ 2.40GHz (family: 0x6, model: 0x17, stepping: 0xa)
[    8.960076] Performance Events: unsupported p6 CPU model 23 no PMU driver, software events only.
[    9.018228] KVM setup paravirtual spinlock
[    9.096048] x86: Booting SMP configuration:
[    9.165842] .... node  #0, CPUs:      #1
[1266874885.173334] Initializing CPU#1
[    9.264357] kvm-clock: cpu 1, msr 0:37bfd041, secondary cpu clock
[    9.334210] mce: CPU supports 0 MCE banks
[    9.388445] x86: Booted up 1 node, 2 CPUs
[    9.414683] smpboot: Total of 2 processors activated (9604.81 BogoMIPS)
[    9.478243] devtmpfs: initialized
[    9.502817] evm: security.selinux
[    9.543082] evm: security.SMACK64
[    9.567152] evm: security.SMACK64EXEC
[    9.597683] evm: security.SMACK64TRANSMUTE
[    9.628066] evm: security.SMACK64MMAP
[    9.655475] evm: security.ima
[    9.667325] evm: security.capability
[    9.684263] clocksource: jiffies: mask: 0xffffffff max_cycles: 0xffffffff, max_idle_ns: 7645041785100000 ns
[    9.745695] futex hash table entries: 512 (order: 3, 32768 bytes)
[    9.750104] pinctrl core: initialized pinctrl subsystem
[    9.754548] RTC time: 11:54:05, date: 01/16/18
[    9.762393] NET: Registered protocol family 16
[    9.766113] EISA bus registered
[    9.778407] cpuidle: using governor ladder
[    9.806444] cpuidle: using governor menu
[    9.809393] PCCT header not found.
[    9.812506] ACPI: bus type PCI registered
[    9.836190] acpiphp: ACPI Hot Plug PCI Controller Driver version: 0.5
[    9.868167] PCI : PCI BIOS area is rw and x. Use pci=nobios if you want it NX.
[    9.893818] PCI: PCI BIOS revision 2.10 entry at 0xfda26, last bus=0
[    9.945916] PCI: Using configuration type 1 for base access
[   10.001377] ACPI: Added _OSI(Module Device)
[   10.019012] ACPI: Added _OSI(Processor Device)
[   10.056801] ACPI: Added _OSI(3.0 _SCP Extensions)
[   10.096722] ACPI: Added _OSI(Processor Aggregator Device)
[   10.159921] ACPI: Executed 1 blocks of module-level executable AML code
[   10.226904] ACPI: Interpreter enabled
[   10.254023] ACPI: (supports S0 S5)
[   10.256957] ACPI: Using IOAPIC for interrupt routing
[   10.262472] PCI: Using host bridge windows from ACPI; if necessary, use "pci=nocrs" and report a bug
[   10.320629] ACPI: PCI Root Bridge [PCI0] (domain 0000 [bus 00-ff])
[   10.352669] acpi PNP0A03:00: _OSC: OS supports [ASPM ClockPM Segments MSI]
[   10.400010] acpi PNP0A03:00: _OSC failed (AE_OT_FOUND); disabling ASPM
[   10.555711] acpi PNP0A03:00: fail to add MMCONFIG information, can't access extended PCI configuration space under this bridge.
[   10.600168] PCI host bridge to bus 0000:00
[   10.651097] pci_bus 0000:00: root bus resource [io  0x0000-0x0cf7 window]
[   10.687152] pci_bus 0000:00: root bus resource [io  0x0d00-0xffff window]
[   10.741132] pci_bus 0000:00: root bus resource [mem 0x000a0000-0x000bffff window]
[   10.757724] pci_bus 0000:00: root bus resource [mem 0x40000000-0xffdfffff window]
[   10.830895] pci_bus 0000:00: root bus resource [bus 00-ff]
[   10.883339] pci 0000:00:01.1: legacy IDE quirk: reg 0x10: [io  0x01f0-0x01f7]
[   10.942125] pci 0000:00:01.1: legacy IDE quirk: reg 0x14: [io  0x03f6]
[   10.971821] pci 0000:00:01.1: legacy IDE quirk: reg 0x18: [io  0x0170-0x0177]
[   10.996333] pci 0000:00:01.1: legacy IDE quirk: reg 0x1c: [io  0x0376]
[   11.132009] ACPI: PCI Interrupt Link [LNKA] (IRQs 5 9 10 11) *0, disabled.
[   11.147718] ACPI: PCI Interrupt Link [LNKB] (IRQs 5 9 10 *11)
[   11.153110] ACPI: PCI Interrupt Link [LNKC] (IRQs 5 9 *10 11)
[   11.160286] ACPI: PCI Interrupt Link [LNKD] (IRQs 5 *9 10 11)
[   11.165734] ACPI: Enabled 2 GPEs in block 00 to 07
[   11.173523] vgaarb: setting as boot device: PCI:0000:00:02.0
[   11.177948] vgaarb: device added: PCI:0000:00:02.0,decodes=io+mem,owns=io+mem,locks=none
[   11.185337] vgaarb: loaded
[   11.187658] vgaarb: bridge control possible 0000:00:02.0
[   11.193157] SCSI subsystem initialized
[   11.200084] ACPI: bus type USB registered
[   11.203279] usbcore: registered new interface driver usbfs
[   11.209010] usbcore: registered new interface driver hub
[   11.213033] usbcore: registered new device driver usb
[   11.219300] PCI: Using ACPI for IRQ routing
[   11.289234] NetLabel: Initializing
[   11.299760] NetLabel:  domain hash size = 128
[   11.329409] NetLabel:  protocols = UNLABELED CIPSOv4
[   11.345679] NetLabel:  unlabeled traffic allowed by default
[   11.363321] amd_nb: Cannot enumerate AMD northbridges
[   11.412508] clocksource: Switched to clocksource kvm-clock
[  1.446 AppArmor:ppArorilesst Ebl
[   12.82] pp:nP APIinit
[   12.907444] pnp: PnP ACPI: found 3 devices
[   12.910611] PnPBIOS: Disabled by ACPI PNP

[   13.001019] clocksource: acpi_pm: mask: 0xffffff max_cycles: 0xffffff, max_idle_ns: 2085701024 ns
[   1.018673] NET: Registered protocol family 2

[   13.091234] TCP established hash table entries: 8192 (order: 3, 32768 bytes)
[   13.096434] TCP bind hash table entries: 8192 (order: 4, 65536 bytes)
[   13.100992] TCP: Hash tables configured (established 8192 bind 8192)
[   13.105532] UDP hash table entries: 512 (order: 2, 16384 bytes)
  3.109832] UDP-Lite hash table entries: 512 (order: 2, 16384 bytes)
[   13.300052] NET: Registered protocol family 1

[   13.347765] pci 00:00:00.0: Limiting irct PCI/PCI trnsrs[ 1379848]pc00:00:0.0Acvang ISA DMA hang workarounds
[   14.783680] Unpacking initramfs...

[ 17.537010] Freeing initrd memory: 10748K
[ 17409]platform rtc_cmos: registered platform RTC devie (no PNP device found)
[   18.077008] Scanning for low memory corruptin evey 0 cons
[   18.472] auitinializng ntlink subsy (saed
[  19.341538] audit: type=2000 audit(1516103650.063:1): initialized
[   19.398274] Initialise system trusted keyring

[   19.428269] HugeTLB registered 2 MB page size, pre-allocated 0 pages
[   19.440207] zbud: loaded
[   19.4384] VFS: Disk quotas dquot_6.6.0
[   19.583877] VFS: Dquot-cache hash table entries: 1024 (order 0, 4096 bytes)
[   19.591546] squashfs: version 4.0 (2009/0131Phillip Lougher

[  17558fu it PI versio 73)
[   20.639012] tc:efedSC clocksource calibration: 2391.637 MHz

[   20.990148] clocksource: tsc: mask: 0xffffffffffffffff max_cycles: 0x22795b4313f, max_idle_ns: 440795279725 ns
[   20.990665] Key type big_key registered
[   20.990700] Allocating IMA MOK and blacklist keyrings.
[   20.991263] Key type asymmetric registered
[   20.991272] Asymmetric key parser 'x509' registered
[   20.991297] bounce: pool size: 64 pages
[   20.991367] Block layer SCSI generic (bsg) driver version 0.4 loaded (major 249)
[   20.991457] io scheduler noop registered
[   20.991465] io scheduler deadline registered (default)
[   20.991543] io scheduler cfq registered
[   20.991782] pci_hotplug: PCI Hot Plug PCI Core version: 0.5
[   20.991795] pciehp: PCI Express Hot Plug Controller Driver version: 0.4
[   20.992054] ACPI: AC Adapter [AC] (on-line)
[   20.992254] input: Power Button as /devices/LNXSYSTM:00/LNXPWRBN:00/input/input0
[   20.992270] ACPI: Power Button [PWRF]
[   20.992402] input: Sleep Button as /devices/LNXSYSTM:00/LNXSLPBN:00/input/input1
[   20.992404] ACPI: Sleep Button [SLPF]
[   20.992813] GHES: HEST is not enabled!
[   20.994142] ACPI: Battery Slot [BAT0] (battery present)
[   20.994197] isapnp: Scanning for PnP cards...
[   20.999926] Serial: 8250/16550 driver, 32 ports, IRQ sharing enabled
[   21.024551] 00:02: ttyS0 at I/O 0x3f8 (irq = 4, base_baud = 115200) is a 16550A
[   21.089479] Linux agpgart interface v0.103
[   21.140556] loop: module loaded
[   21.142065] scsi host0: ata_piix
[   21.142238] scsi host1: ata_piix
[   21.142318] ata1: PATA max UDMA/33 cmd 0x1f0 ctl 0x3f6 bmdma 0xd000 irq 14
[   21.142320] ata2: PATA max UDMA/33 cmd 0x170 ctl 0x376 bmdma 0xd008 irq 15
[   21.142485] libphy: Fixed MDIO Bus: probed
[   21.142495] tun: Universal TUN/TAP device driver, 1.6
[   21.142495] tun: (C) 1999-2004 Max Krasnyansky <maxk@qualcomm.com>
[   21.142580] PPP generic driver version 2.4.2
[   21.142713] ehci_hcd: USB 2.0 'Enhanced' Host Controller (EHCI) Driver
[   21.142731] ehci-pci: EHCI PCI platform driver
[   21.142758] ehci-platform: EHCI generic platform driver
[   21.142780] ohci_hcd: USB 1.1 'Open' Host Controller (OHCI) Driver
[   21.142790] ohci-pci: OHCI PCI platform driver
[   21.142818] ohci-platform: OHCI generic platform driver
[   21.142833] uhci_hcd: USB Universal Host Controller Interface driver
[   21.142959] i8042: PNP: PS/2 Controller [PNP0303:PS2K,PNP0f03:PS2M] at 0x60,0x64 irq 1,12
[   21.194720] serio: i8042 KBD port at 0x60,0x64 irq 1
[   21.194751] serio: i8042 AUX port at 0x60,0x64 irq 12
[   21.195148] mousedev: PS/2 mouse device common for all mice
[   21.195852] rtc_cmos rtc_cmos: rtc core: registered rtc_cmos as rtc0
[   21.196023] rtc_cmos rtc_cmos: alarms up to one day, 114 bytes nvram
[   21.196051] i2c /dev entries driver
[   21.196166] device-mapper: uevent: version 1.0.3
[   21.196295] device-mapper: ioctl: 4.34.0-ioctl (2015-10-28) initialised: dm-devel@redhat.com
[   21.196342] platform eisa.0: Probing EISA bus 0
[   21.196345] platform eisa.0: EISA: Cannot allocate resource for mainboard
[   21.196347] platform eisa.0: Cannot allocate resource for EISA slot 1
[   21.196349] platform eisa.0: Cannot allocate resource for EISA slot 2
[   21.196351] platform eisa.0: Cannot allocate resource for EISA slot 3
[   21.196353] platform eisa.0: Cannot allocate resource for EISA slot 4
[   21.196354] platform eisa.0: Cannot allocate resource for EISA slot 5
[   21.196356] platform eisa.0: Cannot allocate resource for EISA slot 6
[   21.196358] platform eisa.0: Cannot allocate resource for EISA slot 7
[   21.196360] platform eisa.0: Cannot allocate resource for EISA slot 8
[   21.196361] platform eisa.0: EISA: Detected 0 cards
[   21.196391] cpufreq-nforce2: No nForce2 chipset.
[   21.196406] ledtrig-cpu: registered to indicate activity on CPUs
[   21.197141] NET: Registered protocol family 10
[   21.197666] NET: Registered protocol family 17
[   21.197693] Key type dns_resolver registered
[   21.200849] microcode: CPU0 sig=0x1067a, pf=0x40, revision=0x60b
[   21.200864] microcode: CPU1 sig=0x1067a, pf=0x40, revision=0x60b
[   21.200974] microcode: Microcode Update Driver: v2.01 <tigran@aivazian.fsnet.co.uk>, Peter Oruba
[   21.201000] Using IPI No-Shortcut mode
[   21.201232] registered taskstats version 1
[   21.201267] Loading compiled-in X.509 certificates
[   21.205128] Loaded X.509 cert 'Build time autogenerated kernel key: 61680777b0781d919fde26ef1e45786ce4ad0574'
[   21.205165] zswap: loaded using pool lzo/zbud
[   21.301295] input: AT Translated Set 2 keyboard as /devices/platform/i8042/serio0/input/input2
[   21.314113] Key type trusted registered
[   21.451548] Key type encrypted registered
[   21.456721] AppArmor: AppArmor sha1 policy hashing enabled
[   21.461255] ima: No TPM chip found, activating TPM-bypass!
[   21.465137] evm: HMAC attrs: 0x1
[   21.468356]   Magic number: 2:228:934
[   21.471928] rtc_cmos rtc_cmos: setting system clock to 2018-01-16 11:54:17 UTC (1516103657)
[   21.478080] BIOS EDD facility v0.16 2004-Jun-25, 0 devices found
[   21.482438] EDD information not available.
[   21.487827] isapnp: No Plug & Play device found
[   21.542086] Freeing unused kernel memory: 940K
[   21.574786] Write protecting the kernel text: 7972k
[   21.614884] Write protecting the kernel read-only data: 3172k
[   21.644394] NX-protecting the kernel data: 6364k
Loading, please wait...
starting version 229
[   21.943295] random: systemd-udevd: uninitialized urandom read (16 bytes read, 2 bits of entropy available)
[   21.952719] random: systemd-udevd: uninitialized urandom read (16 bytes read, 2 bits of entropy available)
[   21.960546] random: udevadm: uninitialized urandom read (16 bytes read, 2 bits of entropy available)
[   21.968360] random: systemd-udevd: uninitialized urandom read (16 bytes read, 2 bits of entropy available)
[   22.114437] random: systemd-udevd: uninitialized urandom read (16 bytes read, 2 bits of entropy available)
[   22.165383] random: udevadm: uninitialized urandom read (16 bytes read, 2 bits of entropy available)
[   22.295437] random: udevadm: uninitialized urandom read (16 bytes read, 2 bits of entropy available)
[   22.396238] random: udevadm: uninitialized urandom read (16 bytes read, 2 bits of entropy available)
[   22.594401] random: udevadm: uninitialized urandom read (16 bytes read, 2 bits of entropy available)
[   22.625510] random: udevadm: uninitialized urandom read (16 bytes read, 2 bits of entropy available)
[   23.086284] e1000: Intel(R) PRO/1000 Network Driver - version 7.3.21-k8-NAPI
[   23.086291] Fusion MPT base driver 3.04.20
[   23.086292] Copyright (c) 1999-2008 LSI Corporation
[   23.098400] e1000: Copyright (c) 1999-2006 Intel Corporation.
[   23.182497] Fusion MPT SPI Host driver 3.04.20
[   23.344768] input: ImExPS/2 Generic Explorer Mouse as /devices/platform/i8042/serio1/input/input4
[   23.926857] e1000 0000:00:03.0 eth0: (PCI:33MHz:32-bit) 02:57:70:43:80:c6
[   24.041240] e1000 0000:00:03.0 eth0: Intel(R) PRO/1000 Network Connection
[   24.123101] mptbase: ioc0: Initiating bringup
[   24.233368] ioc0: LSI53C1030 A0: Capabilities={Initiator}
[   24.451342] scsi host2: ioc0: LSI53C1030 A0, FwRev=00000000h, Ports=1, MaxQ=256, IRQ=20
[   24.689450] scsi 2:0:0:0: Direct-Access     VBOX     HARDDISK         1.0  PQ: 0 ANSI: 5
[   25.284105] scsi target2:0:0: Beginning Domain Validation
[   25.322830] scsi target2:0:0: Domain Validation skipping write tests
[   25.458891] scsi target2:0:0: Ending Domain Validation
[   25.544890] scsi target2:0:0: asynchronous
[   25.606678] scsi 2:0:1:0: Direct-Access     VBOX     HARDDISK         1.0  PQ: 0 ANSI: 5
[   25.744037] scsi target2:0:1: Beginning Domain Validation
[   25.816285] scsi target2:0:1: Domain Validation skipping write tests
[   25.820810] scsi target2:0:1: Ending Domain Validation
[   25.834119] scsi target2:0:1: asynchronous
[   25.846501] e1000 0000:00:08.0 eth1: (PCI:33MHz:32-bit) 08:00:27:03:fd:1b
[   25.846509] e1000 0000:00:08.0 eth1: Intel(R) PRO/1000 Network Connection
[   26.076055] e1000 0000:00:08.0 enp0s8: renamed from eth1
[   26.095933] sd 2:0:0:0: Attached scsi generic sg0 type 0
[   26.097586] sd 2:0:0:0: [sda] 20971520 512-byte logical blocks: (10.7 GB/10.0 GiB)
[   26.098106] sd 2:0:0:0: [sda] Write Protect is off
[   26.098269] sd 2:0:0:0: [sda] Incomplete mode parameter data
[   26.098271] sd 2:0:0:0: [sda] Assuming drive cache: write through
[   26.186115] e1000 0000:00:03.0 enp0s3: renamed from eth0
[   26.207733] sd 2:0:1:0: [sdb] 20480 512-byte logical blocks: (10.5 MB/10.0 MiB)
[   26.213414]  sda: sda1
[   26.216602] sd 2:0:1:0: [sdb] Write Protect is off
[   26.220718] sd 2:0:1:0: [sdb] Incomplete mode parameter data
[   26.224524] sd 2:0:1:0: [sdb] Assuming drive cache: write through
[   26.228986] sd 2:0:1:0: Attached scsi generic sg1 type 0
[   26.232873] sd 2:0:0:0: [sda] Attached SCSI disk
[   26.253715] sd 2:0:1:0: [sdb] Attached SCSI disk
[   26.403478] floppy0: no floppy controllers found
Begin: Loading essential drivers ... [   29.229574] md: linear personality registered for level -1
[   29.342920] md: multipath personality registered for level -4
[   29.574699] md: raid0 personality registered for level 0
[   29.686121] md: raid1 personality registered for level 1
[   30.048572] raid6: mmxx1    gen()  2796 MB/s
[   30.205109] raid6: mmxx2    gen()  3125 MB/s
[   30.300837] raid6: sse1x1   gen()  1774 MB/s
[   30.440936] raid6: sse1x2   gen()  2497 MB/s
[   30.556732] raid6: sse2x1   gen()  2852 MB/s
[   30.666552] raid6: sse2x1   xor()  3841 MB/s
[   30.736887] raid6: sse2x2   gen()  3982 MB/s
[   30.856761] raid6: sse2x2   xor()  3620 MB/s
[   30.943951] raid6: using algorithm sse2x2 gen() 3982 MB/s
[   30.999662] raid6: .... xor() 3620 MB/s, rmw enabled
[   31.003780] raid6: using ssse3x1 recovery algorithm
[   31.042358] xor: measuring software checksum speed
[   31.156693]    pIII_sse  :  7800.000 MB/sec
[   31.237148]    prefetch64-sse: 10237.000 MB/sec
[   31.258014] xor: using function: prefetch64-sse (10237.000 MB/sec)
[   31.335422] async_tx: api initialized (async)
[   31.483157] md: raid6 personality registered for level 6
[   31.593840] md: raid5 personality registered for level 5
[   31.620602] md: raid4 personality registered for level 4
[   31.735414] md: raid10 personality registered for level 10
done.
Begin: Running /scripts/init-premount ... done.
Begin: Mounting root file system ... Begin: Running /scripts/local-top ... done.
Begin: Running /scripts/local-premount ... [   32.027855] Btrfs loaded
Scanning for Btrfs filesystems
done.
Warning: fsck not present, so skipping root file system
[   32.548520] EXT4-fs (sda1): mounted filesystem with ordered data mode. Opts: (null)
done.
Begin: Running /scripts/local-bottom ... done.
Begin: Running /scripts/init-bottom ... done.
[   33.549296] random: nonblocking pool is initialized
[   34.104066] systemd[1]: systemd 229 running in system mode. (+PAM +AUDIT +SELINUX +IMA +APPARMOR +SMACK +SYSVINIT +UTMP +LIBCRYPTSETUP +GCRYPT +GNUTLS +ACL +XZ -LZ4 +SECCOMP +BLKID +ELFUTILS +KMOD -IDN)
[   34.261507] systemd[1]: Detected virtualization oracle.
[   34.275965] systemd[1]: Detected architecture x86.

Welcome to [1mUbuntu 16.04.3 LTS[0m!

[   34535sytem[1 Set hostname to <ubuntu-xeia.

[ 3735550] systemd[1]: Listening on /dev/initctl Compatibility Named Pipe.
[[0;32m  OK  [0m] Listening on /dev/initctl Compatibility Named Pipe.
[   38.057160] systemd[1]: Reached target User and Group Name Lookups.
[[0;32m  OK  [0m] Reached target User and Group Name Lookups.
[   38.066387] systemd[1]: Started Trgger resolvconf update for networkd DNS.
[[0;32m  OK  [0m] Started Trigger resolvconf update for networkd DNS.
[   38.127313] systemd[1]: Set up automount Arbitrary Executable File Formats File System Automount Point.
[[0;32m  OK  [0m] Set up automount Arbitrary Executab...ats File System Automount Point.
[   38.345642] systemd[1]: Listening on LVM2 poll daemon socket.
[[0;32m  OK  [0m] Listening on LVM2 poll daemon socket.
[   38.489313] systemd[1]: Reached target Swap.
[[0;32m  OK  [0m] Reached target Swap.
[ 39229] systemd[1]: Listening on Device-mapper event daemon FIFOs.
[[0;32m  OK  [0m] Listening on Device-mapper event daemon FIFOs.
[   39.456286] systemd[1]: Reahe target Encrypted Volumes.
[[0;32m  OK  [0m] Reached target Encrypted Volumes.
[   40.041236] systemd[1]: Created slice Systm ic
[[0;32m  OK  [0m] Created slice System Slice.
[ 40.468719] systemd[1]: Created slice system-serial\x2dgetty.slice.
[[0;32m  OK  [0m] Created slice system-serial\x2dgetty.slice.
[   40.574632] systemd[1]: Listening on udev Control Socket.
[[0;32m  OK  [0m] Listening on udev Control Socket.
[   40.582733] systemd[1]: Listening on JournalSocket /d/l).
[[0;32m  OK  [0m] Listening on Journal Socket (/dev/log).
[   40.936261] systemd[1]: Listening on udev Kernel Socket.
[[0;32m  OK  [0m] Listening on udev Kernel Socket.
[   40.947840] systemd[1]: Listening on Syslog Socket.
[[0;32m  OK  [0m] Listening on Syslog Socket.
[   40.955185] systemd[1]: Started Forward Password Requests to Wall Directory Watch.
[[0;32m  OK  [0m] Started Forward Password Requests to Wall Directory Watch.
[   41.226703] systemd[1]: Listening n VM2 meadata daemon socket.
[[0;32m  OK  [0m] Listening on LVM2 metadata daemon socket.
[   4.557 stemd[1]: Listening on Journal Audit Socket.
[[0;32m  OK  [0m] Listening on Journal Audit Socket.
[   42.477369] systemd[1]: Listening on Journa Ske
[[0;32m  OK  [0m] Listening on Journal Socket.
[   42.963459] systemd[1]: Starting Uncomplicated firewall...
         Starting Uncomplicated firewall...
[   43.100831] systemd[1]: Starting Load Kernel Modules...
         Starting Load Kernel Modules...
[   43.118064] systemd[1]: Starting Remount Root and Kernel File Systems...
         Starting Remount Root and Kernel File Systems...
[   43.174508] systemd[1]: Starting Create list of required static device nodes for the current kernel...
         Starting Create list of required st... nodes for the current kernel...
[   43.278864] Loading iSCSI transport class v2.0-870.
[   43.355350] systemd[1]: Starting Monitoring of LVM2 mirrors, snapshots etc. using dmeventd or progress polling...
         Starting Monitoring of LVM2 mirrors... dmeventd or progress polling...
[   43.429840] EXT4-fs (sda1): re-mounted. Opts: (null)
[   43.546686] systemd[1]: Mounting POSIX Message Queue File System...
         Mountin[   43.688670] iscsi: registered transport (tcp)
g POSIX Message Queue File System...
[   43.759321] systemd[1]: Starting Nameserver information manager...
         Starting Nameserver information manager...
[   43.995203] systemd[1]: Starting Journal Service...
         Starting Journal Service...
[   44.053487] systemd[1]: Created slice User and Session Slice.
[[0;32m  OK  [0m] Created slice User and Session Slice.
[   44.200899] systemd[1]: Reached target Slices.
[[0;32m  OK  [0m] Reached target Slices.
[   44.293128] systemd[1]: Mounting Huge Pages File System...
         Mounting Huge Pages File System...
[   44.571256] iscsi: registered transport (iser)
[   44.613553] systemd[1]: Mounting Debug File System...
         Mounting Debug File System...
[   44.679684] systemd[1]: Starting Set console keymap...
         Starting Set console keymap...
[   44.710785] systemd[1]: Mounted POSIX Message Queue File System.
[[0;32m  OK  [0m] Mounted POSIX Message Queue File System.
[   44.762759] systemd[1]: Mounted Huge Pages File System.
[[0;32m  OK  [0m] Mounted Huge Pages File System.
[   44.783979] systemd[1]: Mounted Debug File System.
[[0;32m  OK  [0m] Mounted Debug File System.
[   44.853884] systemd[1]: Started Journal Service.
[[0;32m  OK  [0m] Started Journal Service.
[[0;32m  OK  [0m] Started Uncomplicated firewall.
[[0;32m  OK  [0m] Started Load Kernel Modules.
[[0;32m  OK  [0m] Started Remount Root and Kernel File Systems.
[[0;32m  OK  [0m] Started Create list of required sta...ce nodes for the current kernel.
[[0;32m  OK  [0m] Started Nameserver information manager.
[[0;32m  OK  [0m] Started Set console keymap.
[[0;32m  OK  [0m] Started LVM2 metadata daemon.
         Starting Create Static Device Nodes in /dev...
         Starting Load/Save Random Seed...
         Starting udev Coldplug all Devices...
         Starting Initial cloud-init job (pre-networking)...
         Starting Apply Kernel Variables...
         Mounting FUSE Control File System...
         Starting Flush Journal to Persistent Storage...
[[0;32m  OK  [0m] Mounted FUSE Control File System.
[[0;32m  OK  [0m] Started Create Static Device Nodes in /dev.
[[0;32m  OK  [0m] Started Load/Save Random Seed.
[[0;32m  OK  [0m] Started Apply Kernel Variables.
[[0;32m  OK  [0m] Started Monitoring of LVM2 mirrors,...ng dmeventd or progress polling.
[[0;32m  OK  [0m] Started udev Coldplug all Devices.
[[0;32m  OK  [0m] Started Flush Journal to Persistent Storage.
         Starting udev Kernel Device Manager...
[[0;32m  OK  [0m] Started udev Kernel Device Manager.
[[0;32m  OK  [0m] Started Dispatch Password Requests to Console Directory Watch.
[[0;32m  OK  [0m] Reached target Local File Systems (Pre).
[[0;32m  OK  [0m] Reached target Local File Systems.
         Starting Tell Plymouth To Write Out Runtime Data...
         Starting Set console font and keymap...
         Starting LSB: AppArmor initialization...
         Starting Create Volatile Files and Directories...
[[0;32m  OK  [0m] Started Tell Plymouth To Write Out Runtime Data.
[[0;32m  OK  [0m] Started Create Volatile Files and Directories.
[[0;32m  OK  [0m] Reached target System Time Synchronized.
         Starting Update UTMP about System Boot/Shutdown...
[[0;32m  OK  [0m] Started Update UTMP about System Boot/Shutdown.
[[0;32m  OK  [0m] Found device /dev/ttyS0.
[[0;32m  OK  [0m] Started LSB: AppArmor initialization.
[[0;32m  OK  [0m] Started Set console font and keymap.
[[0;32m  OK  [0m] Created slice system-getty.slice.
[[0;32m  OK  [0m] Listening on Load/Save RF Kill Switch Status /dev/rfkill Watch.
[[0;32m  OK  [0m] Found device 82540EM Gigabit Ethern...r (PRO/1000 MT Desktop Adapter).
[[0;32m  OK  [0m] Found device 82540EM Gigabit Ethern...r (PRO/1000 MT Desktop Adapter).
[   45.696940] cloud-init[441]: Cloud-init v. 17.1 running 'init-local' at Tue, 16 Jan 2018 11:54:49 +0000. Up 42.72 seconds.
[[0;32m  OK  [0m] Started Initial cloud-init job (pre-networking).
[[0;32m  OK  [0m] Reached target Network (Pre).
[[0;32m  OK  [0m] Started ifup for enp0s8.
         Starting Raise network interfaces...
[[0;32m  OK  [0m] Started ifup for enp0s3.
[[0;32m  OK  [0m] Started Raise network interfaces.
         Starting Initial cloud-init job (metadata service crawler)...
[[0;32m  OK  [0m] Reached target Network.
[   53.606988] cloud-init[1066]: Cloud-init v. 17.1 running 'init' at Tue, 16 Jan 2018 11:54:57 +0000. Up 50.45 seconds.
[   53.666308] cloud-init[1066]: ci-info: ++++++++++++++++++++++++++++++++++++++Net device info++++++++++++++++++++++++++++++++++++++
[   53.730029] cloud-init[1066]: ci-info: +--------+------+-----------------------------+---------------+-------+-------------------+
[   53.803629] cloud-init[1066]: ci-info: | Device |  Up  |           Address           |      Mask     | Scope |     Hw-Address    |
[   53.811297] cloud-init[1066]: ci-info: +--------+------+-----------------------------+---------------+-------+-------------------+
[[0;32m  OK  [0m] Started Initial cloud-init job (metadata service crawler).
[   53.873249] cloud-init[1066]: ci-info: | enp0s3 | True |          10.0.2.15          | 255.255.255.0 |   .   | 02:57:70:43:80:c6 |
[[0;32m  OK  [0m] Reached target Network is Online.
[   53.922668] cloud-init[1066]: ci-info: | enp0s3 | True |  fe80::57:70ff:fe43:80c6/64 |       .       |  link | 02:57:70:43:80:c6 |
[   53.960824] cloud-init[1066]: ci-info: | enp0s8 | True |        10.11.217.136        | 255.255.255.0 |   .   | 08:00:27:03:fd:1b |
         Starting iSCSI initiator daemon (iscsid)...
[   53.970956] cloud-init[1066]: ci-info: | enp0s8 | True | fe80::a00:27ff:fe03:fd1b/64 |       .       |  link | 08:00:27:03:fd:1b |
[   53.982009] cloud-init[1066]: ci-info: |   lo   | True |          127.0.0.1          |   255.0.0.0   |   .   |         .         |
[   53.982601] cloud-init[1066]: ci-info: |   lo   | True |           ::1/128           |       .       |  host |         .         |
[   53.992789] cloud-init[[0;32m  OK  [0m] Reached target Cloud-config availability.
[1066]: ci-info: +--------+------+-----------------------------+---------------+-------+-------------------+
[   54.005650] [[0;32m  OK  [0m] Reached target System Initialization.
cloud-init[1066]: ci-info: +++++++++++++++++++++++++++Route IPv4 info++++++++++++++++++++++++++++
[   54.022027] cloud-init[1066]: ci-info: +-------+-------------+----------+---------------+-----------+-------+
[   54.045417] cloud-init[1066]: ci-info: | Route | Destination | Gateway  |    Genmask    | Interface | Flags |
         Starting Socket activation for snappy daemon.
[   54.053727] cloud-init[1066]: ci-info: +-------+-------------+----------+---------------+-----------+-------+
[   54.232665] cloud-init[1066]: ci-info: |   0   |   0.0.0.0   | 10.0.2.2 |    0.0.0.0    |   enp0s3  |   UG  |
[[0;32m  OK  [0m] Started Daily Cleanup of Temporary Directories.
[   54.283533] cloud-init[1066]: ci-info: |   1   |   10.0.2.0  | 0.0.0.0  | 255.255.255.0 |   enp0s3  |   U   |
[[0;32m  OK  [0m] Listening on UUID daemon activation socket.
[   54.304230] cloud-init[1066]: ci-info: |   2   | 10.11.217.0 | 0.0.0.0  | 255.255.255.0 |   enp0s8  |   U   |
[   54.327300] cloud-init[1066]: ci-info: +-------+-------------+----------+---------------+-----------+-------+
[[0;32m  OK  [0m] Started ACPI Events Check.
[[0;32m  OK  [0m] Reached target Paths.
[[0;32m  OK  [0m] Started Daily apt download activities.
[[0;32m  OK  [0m] Started Daily apt upgrade and clean activities.
[[0;32m  OK  [0m] Listening on ACPID Listen Socket.
[[0;32m  OK  [0m] Listening on D-Bus System Message Bus Socket.
         Starting LXD - unix socket.
[[0;32m  OK  [0m] Started Clean PHP session files every 30 mins.
[[0;32m  OK  [0m] Started Timer to automatically refresh installed snaps.
[[0;32m  OK  [0m] Reached target Timers.
[[0;32m  OK  [0m] Listening on Socket activation for snappy daemon.
[[0;32m  OK  [0m] Listening on LXD - unix socket.
[[0;32m  OK  [0m] Started iSCSI initiator daemon (iscsid).
         Starting Login to default iSCSI targets...
[[0;32m  OK  [0m] Reached target Sockets.
[[0;32m  OK  [0m] Reached target Basic System.
         Starting System Logging Service...
[[0;32m  OK  [0m] Started ACPI event daemon.
         Starting Accounts Service...
         Starting A high performance web server and a reverse proxy server...
         Starting /etc/rc.local Compatibility...
         Starting LSB: Record successful boot for GRUB...
[[0;32m  OK  [0m] Started Unattended Upgrades Shutdown.
         Starting MySQL Community Server...
         Starting OpenBSD Secure Shell server...
[[0;32m  OK  [0m] Started Deferred execution scheduler.
         Starting LXD - container startup/shutdown...
         Starting The PHP 7.1 FastCGI Process Manager...
         Starting LSB: MD monitoring daemon...
         Starting Login Service...
         Starting Apply the settings specified in cloud-config...
[[0;32m  OK  [0m] Started Regular background program processing daemon.
[[0;32m  OK  [0m] Started FUSE filesystem for LXC.
[[0;32m  OK  [0m] Started D-Bus System Message Bus.
         Starting Snappy daemon...
[[0;32m  OK  [0m] Started System Logging Service.
[[0;32m  OK  [0m] Started OpenBSD Secure Shell server.
[[0;32m  OK  [0m] Started /etc/rc.local Compatibility.
[[0;32m  OK  [0m] Started Login Service.
[[0;32m  OK  [0m] Started Login to default iSCSI targets.
[[0;32m  OK  [0m] Reached target Remote File Systems (Pre).
[[0;32m  OK  [0m] Reached target Remote File Systems.
         Starting LSB: Apache2 web server...
         Starting LSB: VirtualBox Linux Additions...
         Starting Permit User Sessions...
         Starting LSB: daemon to balance interrupts for SMP systems...
         Starting LSB: automatic crash report generation...
         Starting LSB: Set the CPU Frequency Scaling governor to "ondemand"...
         Starting Authenticate and Authorize Users to Run Privileged Tasks...
[[0;32m  OK  [0m] Started LSB: Record successful boot for GRUB.
[[0;32m  OK  [0m] Started LSB: MD monitoring daemon.
[[0;32m  OK  [0m] Started Permit User Sessions.
         Starting Hold until boot process finishes up...
         Starting Terminate Plymouth Boot Screen...
[[0;32m  OK  [0m] Started Hold until boot process finishes up.
[[0;32m  OK  [0m] Started Getty on tty1.
[[0;32m  OK  [0m] Started Serial Getty on ttyS0.
[[0;32m  OK  [0m] Reached target Login Prompts.
         Starting Set console scheme...
[[0;32m  OK  [0m] Started Terminate Plymouth Boot Screen.
[[0;32m  OK  [0m] Started Set console scheme.
[[0;32m  OK  [0m] Started LXD - container startup/shutdown.
[[0;32m  OK  [0m] Created slice User Slice of ubuntu.
[[0;32m  OK  [0m] Started Session 1 of user ubuntu.
         Starting User Manager for UID 1000...
[[0;32m  OK  [0m] Started LSB: Set the CPU Frequency Scaling governor to "ondemand".
[[0;32m  OK  [0m] Started LSB: daemon to balance interrupts for SMP systems.
[[0;32m  OK  [0m] Started A high performance web server and a reverse proxy server.
[[0;32m  OK  [0m] Started LSB: automatic crash report generation.
[[0;32m  OK  [0m] Started User Manager for UID 1000.
[[0;32m  OK  [0m] Started Snappy daemon.
[[0;32m  OK  [0m] Started LSB: VirtualBox Linux Additions.
[   62.052629] cloud-init[1173]: Cloud-init v. 17.1 running 'modules:config' at Tue, 16 Jan 2018 11:55:05 +0000. Up 58.44 seconds.
[[0;32m  OK  [0m] Started Apply the settings specified in cloud-config.
[[0;32m  OK  [0m] Started LSB: Apache2 web server.

Ubuntu 16.04.3 LTS ubuntu-xenial ttyS0

ubuntu-xenial login: [   95.904907] cloud-init[1693]: Cloud-init v. 17.1 running 'modules:final' at Tue, 16 Jan 2018 11:55:41 +0000. Up 95.27 seconds.
[   95.906112] cloud-init[1693]: Cloud-init v. 17.1 finished at Tue, 16 Jan 2018 11:55:42 +0000. Datasource DataSourceNoCloud [seed=/dev/sdb][dsmode=net].  Up 95.89 seconds
